<?xml version="1.0" encoding="utf-8"?><testsuites name="pytest tests"><testsuite name="pytest" errors="0" failures="0" skipped="0" tests="13" time="3.975" timestamp="2026-01-15T15:52:30.491418+00:00" hostname="agent-env-6cfcef2c-179b-465b-94cc-1a72f44ab907"><testcase classname="tests.test_bank_info_feature.TestAdminTripleAuthentication" name="test_admin_login_success" time="0.305" /><testcase classname="tests.test_bank_info_feature.TestAdminTripleAuthentication" name="test_admin_login_wrong_secret" time="0.035" /><testcase classname="tests.test_bank_info_feature.TestAdminTripleAuthentication" name="test_admin_login_wrong_email" time="0.078" /><testcase classname="tests.test_bank_info_feature.TestAdminTripleAuthentication" name="test_admin_login_wrong_password" time="0.568" /><testcase classname="tests.test_bank_info_feature.TestUserBankInfoEndpoint" name="test_get_bank_info_empty" time="0.346" /><testcase classname="tests.test_bank_info_feature.TestUserBankInfoEndpoint" name="test_save_bank_info" time="0.363" /><testcase classname="tests.test_bank_info_feature.TestUserBankInfoEndpoint" name="test_verify_bank_info_saved" time="0.325" /><testcase classname="tests.test_bank_info_feature.TestUserBankInfoEndpoint" name="test_partial_bank_info_update" time="0.337" /><testcase classname="tests.test_bank_info_feature.TestAdminViewUserBankInfo" name="test_admin_get_users_list" time="0.300" /><testcase classname="tests.test_bank_info_feature.TestAdminViewUserBankInfo" name="test_admin_sees_user_bank_info" time="0.583" /><testcase classname="tests.test_bank_info_feature.TestAdminViewUserBankInfo" name="test_admin_verify_endpoint" time="0.302" /><testcase classname="tests.test_bank_info_feature.TestAdminAccessControl" name="test_admin_users_requires_auth" time="0.030" /><testcase classname="tests.test_bank_info_feature.TestAdminAccessControl" name="test_admin_users_requires_admin_role" time="0.295" /></testsuite></testsuites>