<?xml version="1.0" encoding="utf-8"?><testsuites name="pytest tests"><testsuite name="pytest" errors="0" failures="0" skipped="0" tests="17" time="4.752" timestamp="2026-01-18T19:45:32.519172+00:00" hostname="agent-env-3fd0f2e2-a9be-432c-87fb-a212df7b3c03"><testcase classname="tests.test_usdt_payment_flow.TestUserAuthentication" name="test_user_login_success" time="0.299" /><testcase classname="tests.test_usdt_payment_flow.TestUserAuthentication" name="test_user_login_wrong_password" time="0.257" /><testcase classname="tests.test_usdt_payment_flow.TestAdminAuthentication" name="test_admin_login_success" time="0.264" /><testcase classname="tests.test_usdt_payment_flow.TestAdminAuthentication" name="test_admin_login_wrong_secret" time="0.040" /><testcase classname="tests.test_usdt_payment_flow.TestUSDTPaymentOrderCreation" name="test_create_usdt_order_erc20" time="0.293" /><testcase classname="tests.test_usdt_payment_flow.TestUSDTPaymentOrderCreation" name="test_create_usdt_order_trc20" time="0.300" /><testcase classname="tests.test_usdt_payment_flow.TestUSDTPaymentOrderCreation" name="test_create_order_invalid_network" time="0.298" /><testcase classname="tests.test_usdt_payment_flow.TestPaymentOrderStatus" name="test_get_order_status" time="0.335" /><testcase classname="tests.test_usdt_payment_flow.TestPaymentOrderStatus" name="test_get_nonexistent_order" time="0.334" /><testcase classname="tests.test_usdt_payment_flow.TestAdminPaymentManagement" name="test_admin_get_all_orders" time="0.295" /><testcase classname="tests.test_usdt_payment_flow.TestAdminPaymentManagement" name="test_admin_get_pending_orders" time="0.297" /><testcase classname="tests.test_usdt_payment_flow.TestCryptoTransactionRecording" name="test_record_crypto_transaction_matching" time="0.628" /><testcase classname="tests.test_usdt_payment_flow.TestCryptoTransactionRecording" name="test_record_crypto_transaction_invalid_network" time="0.296" /><testcase classname="tests.test_usdt_payment_flow.TestUserOwnedArtworks" name="test_get_user_artworks" time="0.323" /><testcase classname="tests.test_usdt_payment_flow.TestPaymentEndpointsAccessControl" name="test_create_order_requires_auth" time="0.034" /><testcase classname="tests.test_usdt_payment_flow.TestPaymentEndpointsAccessControl" name="test_admin_endpoints_require_admin" time="0.339" /><testcase classname="tests.test_usdt_payment_flow.TestCryptoWalletEndpoints" name="test_get_crypto_wallets" time="0.034" /></testsuite></testsuites>