<?xml version="1.0" encoding="utf-8"?><testsuites name="pytest tests"><testsuite name="pytest" errors="0" failures="1" skipped="0" tests="17" time="4.754" timestamp="2026-01-18T19:41:11.917002+00:00" hostname="agent-env-3fd0f2e2-a9be-432c-87fb-a212df7b3c03"><testcase classname="tests.test_usdt_payment_flow.TestUserAuthentication" name="test_user_login_success" time="0.327" /><testcase classname="tests.test_usdt_payment_flow.TestUserAuthentication" name="test_user_login_wrong_password" time="0.260" /><testcase classname="tests.test_usdt_payment_flow.TestAdminAuthentication" name="test_admin_login_success" time="0.263" /><testcase classname="tests.test_usdt_payment_flow.TestAdminAuthentication" name="test_admin_login_wrong_secret" time="0.036" /><testcase classname="tests.test_usdt_payment_flow.TestUSDTPaymentOrderCreation" name="test_create_usdt_order_erc20" time="0.305" /><testcase classname="tests.test_usdt_payment_flow.TestUSDTPaymentOrderCreation" name="test_create_usdt_order_trc20" time="0.340" /><testcase classname="tests.test_usdt_payment_flow.TestUSDTPaymentOrderCreation" name="test_create_order_invalid_network" time="0.297" /><testcase classname="tests.test_usdt_payment_flow.TestPaymentOrderStatus" name="test_get_order_status" time="0.331" /><testcase classname="tests.test_usdt_payment_flow.TestPaymentOrderStatus" name="test_get_nonexistent_order" time="0.295" /><testcase classname="tests.test_usdt_payment_flow.TestAdminPaymentManagement" name="test_admin_get_all_orders" time="0.295" /><testcase classname="tests.test_usdt_payment_flow.TestAdminPaymentManagement" name="test_admin_get_pending_orders" time="0.295" /><testcase classname="tests.test_usdt_payment_flow.TestCryptoTransactionRecording" name="test_record_crypto_transaction_matching" time="0.554"><failure message="KeyError: 'total_amount'">tests/test_usdt_payment_flow.py:320: in test_record_crypto_transaction_matching
    total_amount = order_data["total_amount"]
                   ^^^^^^^^^^^^^^^^^^^^^^^^^^
E   KeyError: 'total_amount'</failure></testcase><testcase classname="tests.test_usdt_payment_flow.TestCryptoTransactionRecording" name="test_record_crypto_transaction_invalid_network" time="0.300" /><testcase classname="tests.test_usdt_payment_flow.TestUserOwnedArtworks" name="test_get_user_artworks" time="0.294" /><testcase classname="tests.test_usdt_payment_flow.TestPaymentEndpointsAccessControl" name="test_create_order_requires_auth" time="0.077" /><testcase classname="tests.test_usdt_payment_flow.TestPaymentEndpointsAccessControl" name="test_admin_endpoints_require_admin" time="0.295" /><testcase classname="tests.test_usdt_payment_flow.TestCryptoWalletEndpoints" name="test_get_crypto_wallets" time="0.033" /></testsuite></testsuites>