<?xml version="1.0" encoding="utf-8"?><testsuites name="pytest tests"><testsuite name="pytest" errors="0" failures="4" skipped="0" tests="17" time="4.740" timestamp="2026-01-18T19:45:05.311720+00:00" hostname="agent-env-3fd0f2e2-a9be-432c-87fb-a212df7b3c03"><testcase classname="tests.test_usdt_payment_flow.TestUserAuthentication" name="test_user_login_success" time="0.283" /><testcase classname="tests.test_usdt_payment_flow.TestUserAuthentication" name="test_user_login_wrong_password" time="0.261" /><testcase classname="tests.test_usdt_payment_flow.TestAdminAuthentication" name="test_admin_login_success" time="0.262" /><testcase classname="tests.test_usdt_payment_flow.TestAdminAuthentication" name="test_admin_login_wrong_secret" time="0.074" /><testcase classname="tests.test_usdt_payment_flow.TestUSDTPaymentOrderCreation" name="test_create_usdt_order_erc20" time="0.304"><failure message="AssertionError: Order creation failed: {&quot;detail&quot;:&quot;Artwork not found&quot;}&#10;assert 404 == 200&#10; +  where 404 = &lt;Response [404]&gt;.status_code">tests/test_usdt_payment_flow.py:125: in test_create_usdt_order_erc20
    assert response.status_code == 200, f"Order creation failed: {response.text}"
E   AssertionError: Order creation failed: {"detail":"Artwork not found"}
E   assert 404 == 200
E    +  where 404 = &lt;Response [404]&gt;.status_code</failure></testcase><testcase classname="tests.test_usdt_payment_flow.TestUSDTPaymentOrderCreation" name="test_create_usdt_order_trc20" time="0.294"><failure message="AssertionError: Order creation failed: {&quot;detail&quot;:&quot;Artwork not found&quot;}&#10;assert 404 == 200&#10; +  where 404 = &lt;Response [404]&gt;.status_code">tests/test_usdt_payment_flow.py:166: in test_create_usdt_order_trc20
    assert response.status_code == 200, f"Order creation failed: {response.text}"
E   AssertionError: Order creation failed: {"detail":"Artwork not found"}
E   assert 404 == 200
E    +  where 404 = &lt;Response [404]&gt;.status_code</failure></testcase><testcase classname="tests.test_usdt_payment_flow.TestUSDTPaymentOrderCreation" name="test_create_order_invalid_network" time="0.338" /><testcase classname="tests.test_usdt_payment_flow.TestPaymentOrderStatus" name="test_get_order_status" time="0.295"><failure message="KeyError: 'order_id'">tests/test_usdt_payment_flow.py:212: in test_get_order_status
    order_id = create_response.json()["order_id"]
               ^^^^^^^^^^^^^^^^^^^^^^^^^^^^^^^^^^
E   KeyError: 'order_id'</failure></testcase><testcase classname="tests.test_usdt_payment_flow.TestPaymentOrderStatus" name="test_get_nonexistent_order" time="0.305" /><testcase classname="tests.test_usdt_payment_flow.TestAdminPaymentManagement" name="test_admin_get_all_orders" time="0.337" /><testcase classname="tests.test_usdt_payment_flow.TestAdminPaymentManagement" name="test_admin_get_pending_orders" time="0.311" /><testcase classname="tests.test_usdt_payment_flow.TestCryptoTransactionRecording" name="test_record_crypto_transaction_matching" time="0.574"><failure message="KeyError: 'reference'">tests/test_usdt_payment_flow.py:319: in test_record_crypto_transaction_matching
    reference = order_data["reference"]
                ^^^^^^^^^^^^^^^^^^^^^^^
E   KeyError: 'reference'</failure></testcase><testcase classname="tests.test_usdt_payment_flow.TestCryptoTransactionRecording" name="test_record_crypto_transaction_invalid_network" time="0.303" /><testcase classname="tests.test_usdt_payment_flow.TestUserOwnedArtworks" name="test_get_user_artworks" time="0.306" /><testcase classname="tests.test_usdt_payment_flow.TestPaymentEndpointsAccessControl" name="test_create_order_requires_auth" time="0.034" /><testcase classname="tests.test_usdt_payment_flow.TestPaymentEndpointsAccessControl" name="test_admin_endpoints_require_admin" time="0.302" /><testcase classname="tests.test_usdt_payment_flow.TestCryptoWalletEndpoints" name="test_get_crypto_wallets" time="0.036" /></testsuite></testsuites>